<?xml version="1.0" encoding="UTF-8"?>
<!-- Generated by org.testng.reporters.JUnitXMLReporter -->
<testsuite ignored="0" hostname="DESKTOP-9P8UNRB" failures="2" tests="2" name="Test(failed)" time="37.054" errors="0" timestamp="2024-10-19T18:50:23 IST">
  <testcase classname="TestCases.TC001_LandingPageTest" name="logoTest" time="10.082">
    <failure type="java.lang.AssertionError" message="null">
      <![CDATA[java.lang.AssertionError: null
at TestCases.TC001_LandingPageTest.logoTest(TC001_LandingPageTest.java:26)
at java.base/java.util.ArrayList.forEach(ArrayList.java:1597)
... Removed 27 stack frames]]>
    </failure>
  </testcase> <!-- logoTest -->
  <testcase classname="TestCases.TC003_LogoutTest" name="logoutTest" time="12.208">
    <failure type="java.lang.AssertionError" message="null">
      <![CDATA[java.lang.AssertionError: null
at TestCases.TC003_LogoutTest.logoutTest(TC003_LogoutTest.java:45)
at java.base/java.util.ArrayList.forEach(ArrayList.java:1597)
... Removed 27 stack frames]]>
    </failure>
  </testcase> <!-- logoutTest -->
</testsuite> <!-- Test(failed) -->
