<?xml version="1.0" encoding="UTF-8"?>
<!-- Generated by org.testng.reporters.JUnitXMLReporter -->
<testsuite ignored="0" hostname="DESKTOP-9P8UNRB" failures="0" tests="3" name="Test" time="329.439" errors="0" timestamp="2024-10-26T10:39:21 IST">
  <testcase classname="TestCases.TC001_LandingPageTest" name="logoTest" time="0.094"/>
  <testcase classname="TestCases.TC002_LoginTest" name="logintest" time="125.554"/>
  <testcase classname="TestCases.TC003_LogoutTest" name="logoutTest" time="75.031"/>
</testsuite> <!-- Test -->
