<?xml version="1.0" encoding="UTF-8"?>
<!-- Generated by org.testng.reporters.JUnitXMLReporter -->
<testsuite ignored="0" hostname="DESKTOP-9P8UNRB" failures="0" tests="2" name="TestFirefox" time="13.689" errors="0" timestamp="2024-10-15T09:04:13 IST">
  <testcase classname="TestCases.TC001_LandingPageTest" name="logoTest" time="0.0">
    <skipped/>
  </testcase> <!-- logoTest -->
  <testcase classname="TestCases.TC002_LoginTest" name="logintest" time="1.428"/>
</testsuite> <!-- TestFirefox -->
